<?xml version="1.0" encoding="UTF-8"?>
<!-- Generated by org.testng.reporters.JUnitReportReporter -->
<testsuite skipped="0" hostname="DESKTOP-G25I8C3" name="tests.BaseClass" tests="5" failures="1" timestamp="2020-12-14T16:08:18 GMT" time="16.394" errors="4">
  <testcase name="teardown" time="0.095" classname="tests.BaseClass">
    <error type="org.openqa.selenium.UnsupportedCommandException" message="The requested resource could not be found, or a request was received using an HTTP method that is not supported by the mapped resource
Build info: version: &#039;3.141.59&#039;, revision: &#039;e82be7d358&#039;, time: &#039;2018-11-14T08:17:03&#039;
System info: host: &#039;DESKTOP-G25I8C3&#039;, ip: &#039;192.168.43.143&#039;, os.name: &#039;Windows 10&#039;, os.arch: &#039;amd64&#039;, os.version: &#039;10.0&#039;, java.version: &#039;1.8.0_271&#039;
Driver info: io.appium.java_client.AppiumDriver
Capabilities {appActivity: com.daretoinnovate.oze.pres..., appPackage: com.daretoinnovate.oze, databaseEnabled: false, desired: {appActivity: com.daretoinnovate.oze.pres..., appPackage: com.daretoinnovate.oze, deviceName: SM-A260F, newCommandTimeout: 30, platformName: android, platformVersion: 8.1.0, udid: 3801fdd5d40b36b5}, deviceApiLevel: 27, deviceManufacturer: samsung, deviceModel: SM-A260F, deviceName: 3801fdd5d40b36b5, deviceScreenDensity: 240, deviceScreenSize: 540x960, deviceUDID: 3801fdd5d40b36b5, javascriptEnabled: true, locationContextEnabled: false, networkConnectionEnabled: true, newCommandTimeout: 30, pixelRatio: 1.5, platform: LINUX, platformName: Android, platformVersion: 8.1.0, statBarHeight: 36, takesScreenshot: true, udid: 3801fdd5d40b36b5, viewportRect: {height: 852, left: 0, top: 36, width: 540}, warnings: {}, webStorageEnabled: false}
Session ID: 4f1efcdd-5d3f-4853-ba8f-e58fa548f8cc">
      <![CDATA[org.openqa.selenium.UnsupportedCommandException: The requested resource could not be found, or a request was received using an HTTP method that is not supported by the mapped resource
Build info: version: '3.141.59', revision: 'e82be7d358', time: '2018-11-14T08:17:03'
System info: host: 'DESKTOP-G25I8C3', ip: '192.168.43.143', os.name: 'Windows 10', os.arch: 'amd64', os.version: '10.0', java.version: '1.8.0_271'
Driver info: io.appium.java_client.AppiumDriver
Capabilities {appActivity: com.daretoinnovate.oze.pres..., appPackage: com.daretoinnovate.oze, databaseEnabled: false, desired: {appActivity: com.daretoinnovate.oze.pres..., appPackage: com.daretoinnovate.oze, deviceName: SM-A260F, newCommandTimeout: 30, platformName: android, platformVersion: 8.1.0, udid: 3801fdd5d40b36b5}, deviceApiLevel: 27, deviceManufacturer: samsung, deviceModel: SM-A260F, deviceName: 3801fdd5d40b36b5, deviceScreenDensity: 240, deviceScreenSize: 540x960, deviceUDID: 3801fdd5d40b36b5, javascriptEnabled: true, locationContextEnabled: false, networkConnectionEnabled: true, newCommandTimeout: 30, pixelRatio: 1.5, platform: LINUX, platformName: Android, platformVersion: 8.1.0, statBarHeight: 36, takesScreenshot: true, udid: 3801fdd5d40b36b5, viewportRect: {height: 852, left: 0, top: 36, width: 540}, warnings: {}, webStorageEnabled: false}
Session ID: 4f1efcdd-5d3f-4853-ba8f-e58fa548f8cc
at sun.reflect.NativeConstructorAccessorImpl.newInstance0(Native Method)
at sun.reflect.NativeConstructorAccessorImpl.newInstance(NativeConstructorAccessorImpl.java:62)
at sun.reflect.DelegatingConstructorAccessorImpl.newInstance(DelegatingConstructorAccessorImpl.java:45)
at java.lang.reflect.Constructor.newInstance(Constructor.java:423)
at org.openqa.selenium.remote.http.W3CHttpResponseCodec.createException(W3CHttpResponseCodec.java:187)
at org.openqa.selenium.remote.http.W3CHttpResponseCodec.decode(W3CHttpResponseCodec.java:122)
at org.openqa.selenium.remote.http.W3CHttpResponseCodec.decode(W3CHttpResponseCodec.java:49)
at org.openqa.selenium.remote.HttpCommandExecutor.execute(HttpCommandExecutor.java:158)
at io.appium.java_client.remote.AppiumCommandExecutor.execute(AppiumCommandExecutor.java:247)
at org.openqa.selenium.remote.RemoteWebDriver.execute(RemoteWebDriver.java:552)
at io.appium.java_client.DefaultGenericMobileDriver.execute(DefaultGenericMobileDriver.java:45)
at io.appium.java_client.AppiumDriver.execute(AppiumDriver.java:1)
at org.openqa.selenium.remote.RemoteWebDriver.close(RemoteWebDriver.java:442)
at tests.BaseClass.teardown(BaseClass.java:129)
at sun.reflect.NativeMethodAccessorImpl.invoke0(Native Method)
at sun.reflect.NativeMethodAccessorImpl.invoke(NativeMethodAccessorImpl.java:62)
at sun.reflect.DelegatingMethodAccessorImpl.invoke(DelegatingMethodAccessorImpl.java:43)
at java.lang.reflect.Method.invoke(Method.java:498)
at org.testng.internal.MethodInvocationHelper.invokeMethod(MethodInvocationHelper.java:132)
at org.testng.internal.MethodInvocationHelper.invokeMethodConsideringTimeout(MethodInvocationHelper.java:61)
at org.testng.internal.ConfigInvoker.invokeConfigurationMethod(ConfigInvoker.java:366)
at org.testng.internal.ConfigInvoker.invokeConfigurations(ConfigInvoker.java:320)
at org.testng.TestRunner.invokeTestConfigurations(TestRunner.java:617)
at org.testng.TestRunner.afterRun(TestRunner.java:847)
at org.testng.TestRunner.run(TestRunner.java:588)
at org.testng.SuiteRunner.runTest(SuiteRunner.java:384)
at org.testng.SuiteRunner.runSequentially(SuiteRunner.java:378)
at org.testng.SuiteRunner.privateRun(SuiteRunner.java:337)
at org.testng.SuiteRunner.run(SuiteRunner.java:286)
at org.testng.SuiteRunnerWorker.runSuite(SuiteRunnerWorker.java:53)
at org.testng.SuiteRunnerWorker.run(SuiteRunnerWorker.java:96)
at org.testng.TestNG.runSuitesSequentially(TestNG.java:1218)
at org.testng.TestNG.runSuitesLocally(TestNG.java:1140)
at org.testng.TestNG.runSuites(TestNG.java:1069)
at org.testng.TestNG.run(TestNG.java:1037)
at org.testng.remote.AbstractRemoteTestNG.run(AbstractRemoteTestNG.java:115)
at org.testng.remote.RemoteTestNG.initAndRun(RemoteTestNG.java:251)
at org.testng.remote.RemoteTestNG.main(RemoteTestNG.java:77)
]]>
    </error>
  </testcase> <!-- teardown -->
  <system-out/>
  <testcase name="nullEmailTest" time="2.519" classname="tests.BaseClass">
    <error type="org.openqa.selenium.NoSuchElementException" message="An element could not be located on the page using the given search parameters.
For documentation on this error, please visit: https://www.seleniumhq.org/exceptions/no_such_element.html
Build info: version: &#039;3.141.59&#039;, revision: &#039;e82be7d358&#039;, time: &#039;2018-11-14T08:17:03&#039;
System info: host: &#039;DESKTOP-G25I8C3&#039;, ip: &#039;192.168.43.143&#039;, os.name: &#039;Windows 10&#039;, os.arch: &#039;amd64&#039;, os.version: &#039;10.0&#039;, java.version: &#039;1.8.0_271&#039;
Driver info: io.appium.java_client.AppiumDriver
Capabilities {appActivity: com.daretoinnovate.oze.pres..., appPackage: com.daretoinnovate.oze, databaseEnabled: false, desired: {appActivity: com.daretoinnovate.oze.pres..., appPackage: com.daretoinnovate.oze, deviceName: SM-A260F, newCommandTimeout: 30, platformName: android, platformVersion: 8.1.0, udid: 3801fdd5d40b36b5}, deviceApiLevel: 27, deviceManufacturer: samsung, deviceModel: SM-A260F, deviceName: 3801fdd5d40b36b5, deviceScreenDensity: 240, deviceScreenSize: 540x960, deviceUDID: 3801fdd5d40b36b5, javascriptEnabled: true, locationContextEnabled: false, networkConnectionEnabled: true, newCommandTimeout: 30, pixelRatio: 1.5, platform: LINUX, platformName: Android, platformVersion: 8.1.0, statBarHeight: 36, takesScreenshot: true, udid: 3801fdd5d40b36b5, viewportRect: {height: 852, left: 0, top: 36, width: 540}, warnings: {}, webStorageEnabled: false}
Session ID: 4f1efcdd-5d3f-4853-ba8f-e58fa548f8cc
*** Element info: {Using=-android uiautomator, value=new UiScrollable(new UiSelector().resourceId(&quot;com.daretoinnovate.oze:id/action_bar_root&quot;)).getChildByText(new UiSelector().className(&quot;android.widget.Button&quot;), &quot;Sign Up&quot;)}">
      <![CDATA[org.openqa.selenium.NoSuchElementException: An element could not be located on the page using the given search parameters.
For documentation on this error, please visit: https://www.seleniumhq.org/exceptions/no_such_element.html
Build info: version: '3.141.59', revision: 'e82be7d358', time: '2018-11-14T08:17:03'
System info: host: 'DESKTOP-G25I8C3', ip: '192.168.43.143', os.name: 'Windows 10', os.arch: 'amd64', os.version: '10.0', java.version: '1.8.0_271'
Driver info: io.appium.java_client.AppiumDriver
Capabilities {appActivity: com.daretoinnovate.oze.pres..., appPackage: com.daretoinnovate.oze, databaseEnabled: false, desired: {appActivity: com.daretoinnovate.oze.pres..., appPackage: com.daretoinnovate.oze, deviceName: SM-A260F, newCommandTimeout: 30, platformName: android, platformVersion: 8.1.0, udid: 3801fdd5d40b36b5}, deviceApiLevel: 27, deviceManufacturer: samsung, deviceModel: SM-A260F, deviceName: 3801fdd5d40b36b5, deviceScreenDensity: 240, deviceScreenSize: 540x960, deviceUDID: 3801fdd5d40b36b5, javascriptEnabled: true, locationContextEnabled: false, networkConnectionEnabled: true, newCommandTimeout: 30, pixelRatio: 1.5, platform: LINUX, platformName: Android, platformVersion: 8.1.0, statBarHeight: 36, takesScreenshot: true, udid: 3801fdd5d40b36b5, viewportRect: {height: 852, left: 0, top: 36, width: 540}, warnings: {}, webStorageEnabled: false}
Session ID: 4f1efcdd-5d3f-4853-ba8f-e58fa548f8cc
*** Element info: {Using=-android uiautomator, value=new UiScrollable(new UiSelector().resourceId("com.daretoinnovate.oze:id/action_bar_root")).getChildByText(new UiSelector().className("android.widget.Button"), "Sign Up")}
at sun.reflect.NativeConstructorAccessorImpl.newInstance0(Native Method)
at sun.reflect.NativeConstructorAccessorImpl.newInstance(NativeConstructorAccessorImpl.java:62)
at sun.reflect.DelegatingConstructorAccessorImpl.newInstance(DelegatingConstructorAccessorImpl.java:45)
at java.lang.reflect.Constructor.newInstance(Constructor.java:423)
at org.openqa.selenium.remote.http.W3CHttpResponseCodec.createException(W3CHttpResponseCodec.java:187)
at org.openqa.selenium.remote.http.W3CHttpResponseCodec.decode(W3CHttpResponseCodec.java:122)
at org.openqa.selenium.remote.http.W3CHttpResponseCodec.decode(W3CHttpResponseCodec.java:49)
at org.openqa.selenium.remote.HttpCommandExecutor.execute(HttpCommandExecutor.java:158)
at io.appium.java_client.remote.AppiumCommandExecutor.execute(AppiumCommandExecutor.java:247)
at org.openqa.selenium.remote.RemoteWebDriver.execute(RemoteWebDriver.java:552)
at io.appium.java_client.DefaultGenericMobileDriver.execute(DefaultGenericMobileDriver.java:41)
at io.appium.java_client.AppiumDriver.execute(AppiumDriver.java:1)
at org.openqa.selenium.remote.RemoteWebDriver.findElement(RemoteWebDriver.java:323)
at io.appium.java_client.DefaultGenericMobileDriver.findElement(DefaultGenericMobileDriver.java:61)
at io.appium.java_client.AppiumDriver.findElement(AppiumDriver.java:1)
at io.appium.java_client.MobileBy.findElement(MobileBy.java:61)
at io.appium.java_client.MobileBy$ByAndroidUIAutomator.findElement(MobileBy.java:224)
at org.openqa.selenium.remote.RemoteWebDriver.findElement(RemoteWebDriver.java:315)
at io.appium.java_client.DefaultGenericMobileDriver.findElement(DefaultGenericMobileDriver.java:57)
at io.appium.java_client.AppiumDriver.findElement(AppiumDriver.java:1)
at tests.BaseClass.nullEmailTest(BaseClass.java:86)
at sun.reflect.NativeMethodAccessorImpl.invoke0(Native Method)
at sun.reflect.NativeMethodAccessorImpl.invoke(NativeMethodAccessorImpl.java:62)
at sun.reflect.DelegatingMethodAccessorImpl.invoke(DelegatingMethodAccessorImpl.java:43)
at java.lang.reflect.Method.invoke(Method.java:498)
at org.testng.internal.MethodInvocationHelper.invokeMethod(MethodInvocationHelper.java:132)
at org.testng.internal.TestInvoker.invokeMethod(TestInvoker.java:599)
at org.testng.internal.TestInvoker.invokeTestMethod(TestInvoker.java:174)
at org.testng.internal.MethodRunner.runInSequence(MethodRunner.java:46)
at org.testng.internal.TestInvoker$MethodInvocationAgent.invoke(TestInvoker.java:822)
at org.testng.internal.TestInvoker.invokeTestMethods(TestInvoker.java:147)
at org.testng.internal.TestMethodWorker.invokeTestMethods(TestMethodWorker.java:146)
at org.testng.internal.TestMethodWorker.run(TestMethodWorker.java:128)
at java.util.ArrayList.forEach(ArrayList.java:1259)
at org.testng.TestRunner.privateRun(TestRunner.java:764)
at org.testng.TestRunner.run(TestRunner.java:585)
at org.testng.SuiteRunner.runTest(SuiteRunner.java:384)
at org.testng.SuiteRunner.runSequentially(SuiteRunner.java:378)
at org.testng.SuiteRunner.privateRun(SuiteRunner.java:337)
at org.testng.SuiteRunner.run(SuiteRunner.java:286)
at org.testng.SuiteRunnerWorker.runSuite(SuiteRunnerWorker.java:53)
at org.testng.SuiteRunnerWorker.run(SuiteRunnerWorker.java:96)
at org.testng.TestNG.runSuitesSequentially(TestNG.java:1218)
at org.testng.TestNG.runSuitesLocally(TestNG.java:1140)
at org.testng.TestNG.runSuites(TestNG.java:1069)
at org.testng.TestNG.run(TestNG.java:1037)
at org.testng.remote.AbstractRemoteTestNG.run(AbstractRemoteTestNG.java:115)
at org.testng.remote.RemoteTestNG.initAndRun(RemoteTestNG.java:251)
at org.testng.remote.RemoteTestNG.main(RemoteTestNG.java:77)
]]>
    </error>
  </testcase> <!-- nullEmailTest -->
  <system-out/>
  <testcase name="invMobileTest" time="2.734" classname="tests.BaseClass">
    <error type="org.openqa.selenium.NoSuchElementException" message="An element could not be located on the page using the given search parameters.
For documentation on this error, please visit: https://www.seleniumhq.org/exceptions/no_such_element.html
Build info: version: &#039;3.141.59&#039;, revision: &#039;e82be7d358&#039;, time: &#039;2018-11-14T08:17:03&#039;
System info: host: &#039;DESKTOP-G25I8C3&#039;, ip: &#039;192.168.43.143&#039;, os.name: &#039;Windows 10&#039;, os.arch: &#039;amd64&#039;, os.version: &#039;10.0&#039;, java.version: &#039;1.8.0_271&#039;
Driver info: io.appium.java_client.AppiumDriver
Capabilities {appActivity: com.daretoinnovate.oze.pres..., appPackage: com.daretoinnovate.oze, databaseEnabled: false, desired: {appActivity: com.daretoinnovate.oze.pres..., appPackage: com.daretoinnovate.oze, deviceName: SM-A260F, newCommandTimeout: 30, platformName: android, platformVersion: 8.1.0, udid: 3801fdd5d40b36b5}, deviceApiLevel: 27, deviceManufacturer: samsung, deviceModel: SM-A260F, deviceName: 3801fdd5d40b36b5, deviceScreenDensity: 240, deviceScreenSize: 540x960, deviceUDID: 3801fdd5d40b36b5, javascriptEnabled: true, locationContextEnabled: false, networkConnectionEnabled: true, newCommandTimeout: 30, pixelRatio: 1.5, platform: LINUX, platformName: Android, platformVersion: 8.1.0, statBarHeight: 36, takesScreenshot: true, udid: 3801fdd5d40b36b5, viewportRect: {height: 852, left: 0, top: 36, width: 540}, warnings: {}, webStorageEnabled: false}
Session ID: 4f1efcdd-5d3f-4853-ba8f-e58fa548f8cc
*** Element info: {Using=-android uiautomator, value=new UiScrollable(new UiSelector().resourceId(&quot;com.daretoinnovate.oze:id/action_bar_root&quot;)).getChildByText(new UiSelector().className(&quot;android.widget.Button&quot;), &quot;Sign Up&quot;)}">
      <![CDATA[org.openqa.selenium.NoSuchElementException: An element could not be located on the page using the given search parameters.
For documentation on this error, please visit: https://www.seleniumhq.org/exceptions/no_such_element.html
Build info: version: '3.141.59', revision: 'e82be7d358', time: '2018-11-14T08:17:03'
System info: host: 'DESKTOP-G25I8C3', ip: '192.168.43.143', os.name: 'Windows 10', os.arch: 'amd64', os.version: '10.0', java.version: '1.8.0_271'
Driver info: io.appium.java_client.AppiumDriver
Capabilities {appActivity: com.daretoinnovate.oze.pres..., appPackage: com.daretoinnovate.oze, databaseEnabled: false, desired: {appActivity: com.daretoinnovate.oze.pres..., appPackage: com.daretoinnovate.oze, deviceName: SM-A260F, newCommandTimeout: 30, platformName: android, platformVersion: 8.1.0, udid: 3801fdd5d40b36b5}, deviceApiLevel: 27, deviceManufacturer: samsung, deviceModel: SM-A260F, deviceName: 3801fdd5d40b36b5, deviceScreenDensity: 240, deviceScreenSize: 540x960, deviceUDID: 3801fdd5d40b36b5, javascriptEnabled: true, locationContextEnabled: false, networkConnectionEnabled: true, newCommandTimeout: 30, pixelRatio: 1.5, platform: LINUX, platformName: Android, platformVersion: 8.1.0, statBarHeight: 36, takesScreenshot: true, udid: 3801fdd5d40b36b5, viewportRect: {height: 852, left: 0, top: 36, width: 540}, warnings: {}, webStorageEnabled: false}
Session ID: 4f1efcdd-5d3f-4853-ba8f-e58fa548f8cc
*** Element info: {Using=-android uiautomator, value=new UiScrollable(new UiSelector().resourceId("com.daretoinnovate.oze:id/action_bar_root")).getChildByText(new UiSelector().className("android.widget.Button"), "Sign Up")}
at sun.reflect.NativeConstructorAccessorImpl.newInstance0(Native Method)
at sun.reflect.NativeConstructorAccessorImpl.newInstance(NativeConstructorAccessorImpl.java:62)
at sun.reflect.DelegatingConstructorAccessorImpl.newInstance(DelegatingConstructorAccessorImpl.java:45)
at java.lang.reflect.Constructor.newInstance(Constructor.java:423)
at org.openqa.selenium.remote.http.W3CHttpResponseCodec.createException(W3CHttpResponseCodec.java:187)
at org.openqa.selenium.remote.http.W3CHttpResponseCodec.decode(W3CHttpResponseCodec.java:122)
at org.openqa.selenium.remote.http.W3CHttpResponseCodec.decode(W3CHttpResponseCodec.java:49)
at org.openqa.selenium.remote.HttpCommandExecutor.execute(HttpCommandExecutor.java:158)
at io.appium.java_client.remote.AppiumCommandExecutor.execute(AppiumCommandExecutor.java:247)
at org.openqa.selenium.remote.RemoteWebDriver.execute(RemoteWebDriver.java:552)
at io.appium.java_client.DefaultGenericMobileDriver.execute(DefaultGenericMobileDriver.java:41)
at io.appium.java_client.AppiumDriver.execute(AppiumDriver.java:1)
at org.openqa.selenium.remote.RemoteWebDriver.findElement(RemoteWebDriver.java:323)
at io.appium.java_client.DefaultGenericMobileDriver.findElement(DefaultGenericMobileDriver.java:61)
at io.appium.java_client.AppiumDriver.findElement(AppiumDriver.java:1)
at io.appium.java_client.MobileBy.findElement(MobileBy.java:61)
at io.appium.java_client.MobileBy$ByAndroidUIAutomator.findElement(MobileBy.java:224)
at org.openqa.selenium.remote.RemoteWebDriver.findElement(RemoteWebDriver.java:315)
at io.appium.java_client.DefaultGenericMobileDriver.findElement(DefaultGenericMobileDriver.java:57)
at io.appium.java_client.AppiumDriver.findElement(AppiumDriver.java:1)
at tests.BaseClass.invMobileTest(BaseClass.java:64)
at sun.reflect.NativeMethodAccessorImpl.invoke0(Native Method)
at sun.reflect.NativeMethodAccessorImpl.invoke(NativeMethodAccessorImpl.java:62)
at sun.reflect.DelegatingMethodAccessorImpl.invoke(DelegatingMethodAccessorImpl.java:43)
at java.lang.reflect.Method.invoke(Method.java:498)
at org.testng.internal.MethodInvocationHelper.invokeMethod(MethodInvocationHelper.java:132)
at org.testng.internal.TestInvoker.invokeMethod(TestInvoker.java:599)
at org.testng.internal.TestInvoker.invokeTestMethod(TestInvoker.java:174)
at org.testng.internal.MethodRunner.runInSequence(MethodRunner.java:46)
at org.testng.internal.TestInvoker$MethodInvocationAgent.invoke(TestInvoker.java:822)
at org.testng.internal.TestInvoker.invokeTestMethods(TestInvoker.java:147)
at org.testng.internal.TestMethodWorker.invokeTestMethods(TestMethodWorker.java:146)
at org.testng.internal.TestMethodWorker.run(TestMethodWorker.java:128)
at java.util.ArrayList.forEach(ArrayList.java:1259)
at org.testng.TestRunner.privateRun(TestRunner.java:764)
at org.testng.TestRunner.run(TestRunner.java:585)
at org.testng.SuiteRunner.runTest(SuiteRunner.java:384)
at org.testng.SuiteRunner.runSequentially(SuiteRunner.java:378)
at org.testng.SuiteRunner.privateRun(SuiteRunner.java:337)
at org.testng.SuiteRunner.run(SuiteRunner.java:286)
at org.testng.SuiteRunnerWorker.runSuite(SuiteRunnerWorker.java:53)
at org.testng.SuiteRunnerWorker.run(SuiteRunnerWorker.java:96)
at org.testng.TestNG.runSuitesSequentially(TestNG.java:1218)
at org.testng.TestNG.runSuitesLocally(TestNG.java:1140)
at org.testng.TestNG.runSuites(TestNG.java:1069)
at org.testng.TestNG.run(TestNG.java:1037)
at org.testng.remote.AbstractRemoteTestNG.run(AbstractRemoteTestNG.java:115)
at org.testng.remote.RemoteTestNG.initAndRun(RemoteTestNG.java:251)
at org.testng.remote.RemoteTestNG.main(RemoteTestNG.java:77)
]]>
    </error>
  </testcase> <!-- invMobileTest -->
  <system-out/>
  <testcase name="nullMobileTest" time="2.520" classname="tests.BaseClass">
    <error type="org.openqa.selenium.NoSuchElementException" message="An element could not be located on the page using the given search parameters.
For documentation on this error, please visit: https://www.seleniumhq.org/exceptions/no_such_element.html
Build info: version: &#039;3.141.59&#039;, revision: &#039;e82be7d358&#039;, time: &#039;2018-11-14T08:17:03&#039;
System info: host: &#039;DESKTOP-G25I8C3&#039;, ip: &#039;192.168.43.143&#039;, os.name: &#039;Windows 10&#039;, os.arch: &#039;amd64&#039;, os.version: &#039;10.0&#039;, java.version: &#039;1.8.0_271&#039;
Driver info: io.appium.java_client.AppiumDriver
Capabilities {appActivity: com.daretoinnovate.oze.pres..., appPackage: com.daretoinnovate.oze, databaseEnabled: false, desired: {appActivity: com.daretoinnovate.oze.pres..., appPackage: com.daretoinnovate.oze, deviceName: SM-A260F, newCommandTimeout: 30, platformName: android, platformVersion: 8.1.0, udid: 3801fdd5d40b36b5}, deviceApiLevel: 27, deviceManufacturer: samsung, deviceModel: SM-A260F, deviceName: 3801fdd5d40b36b5, deviceScreenDensity: 240, deviceScreenSize: 540x960, deviceUDID: 3801fdd5d40b36b5, javascriptEnabled: true, locationContextEnabled: false, networkConnectionEnabled: true, newCommandTimeout: 30, pixelRatio: 1.5, platform: LINUX, platformName: Android, platformVersion: 8.1.0, statBarHeight: 36, takesScreenshot: true, udid: 3801fdd5d40b36b5, viewportRect: {height: 852, left: 0, top: 36, width: 540}, warnings: {}, webStorageEnabled: false}
Session ID: 4f1efcdd-5d3f-4853-ba8f-e58fa548f8cc
*** Element info: {Using=-android uiautomator, value=new UiScrollable(new UiSelector().resourceId(&quot;com.daretoinnovate.oze:id/action_bar_root&quot;)).getChildByText(new UiSelector().className(&quot;android.widget.Button&quot;), &quot;Sign Up&quot;)}">
      <![CDATA[org.openqa.selenium.NoSuchElementException: An element could not be located on the page using the given search parameters.
For documentation on this error, please visit: https://www.seleniumhq.org/exceptions/no_such_element.html
Build info: version: '3.141.59', revision: 'e82be7d358', time: '2018-11-14T08:17:03'
System info: host: 'DESKTOP-G25I8C3', ip: '192.168.43.143', os.name: 'Windows 10', os.arch: 'amd64', os.version: '10.0', java.version: '1.8.0_271'
Driver info: io.appium.java_client.AppiumDriver
Capabilities {appActivity: com.daretoinnovate.oze.pres..., appPackage: com.daretoinnovate.oze, databaseEnabled: false, desired: {appActivity: com.daretoinnovate.oze.pres..., appPackage: com.daretoinnovate.oze, deviceName: SM-A260F, newCommandTimeout: 30, platformName: android, platformVersion: 8.1.0, udid: 3801fdd5d40b36b5}, deviceApiLevel: 27, deviceManufacturer: samsung, deviceModel: SM-A260F, deviceName: 3801fdd5d40b36b5, deviceScreenDensity: 240, deviceScreenSize: 540x960, deviceUDID: 3801fdd5d40b36b5, javascriptEnabled: true, locationContextEnabled: false, networkConnectionEnabled: true, newCommandTimeout: 30, pixelRatio: 1.5, platform: LINUX, platformName: Android, platformVersion: 8.1.0, statBarHeight: 36, takesScreenshot: true, udid: 3801fdd5d40b36b5, viewportRect: {height: 852, left: 0, top: 36, width: 540}, warnings: {}, webStorageEnabled: false}
Session ID: 4f1efcdd-5d3f-4853-ba8f-e58fa548f8cc
*** Element info: {Using=-android uiautomator, value=new UiScrollable(new UiSelector().resourceId("com.daretoinnovate.oze:id/action_bar_root")).getChildByText(new UiSelector().className("android.widget.Button"), "Sign Up")}
at sun.reflect.NativeConstructorAccessorImpl.newInstance0(Native Method)
at sun.reflect.NativeConstructorAccessorImpl.newInstance(NativeConstructorAccessorImpl.java:62)
at sun.reflect.DelegatingConstructorAccessorImpl.newInstance(DelegatingConstructorAccessorImpl.java:45)
at java.lang.reflect.Constructor.newInstance(Constructor.java:423)
at org.openqa.selenium.remote.http.W3CHttpResponseCodec.createException(W3CHttpResponseCodec.java:187)
at org.openqa.selenium.remote.http.W3CHttpResponseCodec.decode(W3CHttpResponseCodec.java:122)
at org.openqa.selenium.remote.http.W3CHttpResponseCodec.decode(W3CHttpResponseCodec.java:49)
at org.openqa.selenium.remote.HttpCommandExecutor.execute(HttpCommandExecutor.java:158)
at io.appium.java_client.remote.AppiumCommandExecutor.execute(AppiumCommandExecutor.java:247)
at org.openqa.selenium.remote.RemoteWebDriver.execute(RemoteWebDriver.java:552)
at io.appium.java_client.DefaultGenericMobileDriver.execute(DefaultGenericMobileDriver.java:41)
at io.appium.java_client.AppiumDriver.execute(AppiumDriver.java:1)
at org.openqa.selenium.remote.RemoteWebDriver.findElement(RemoteWebDriver.java:323)
at io.appium.java_client.DefaultGenericMobileDriver.findElement(DefaultGenericMobileDriver.java:61)
at io.appium.java_client.AppiumDriver.findElement(AppiumDriver.java:1)
at io.appium.java_client.MobileBy.findElement(MobileBy.java:61)
at io.appium.java_client.MobileBy$ByAndroidUIAutomator.findElement(MobileBy.java:224)
at org.openqa.selenium.remote.RemoteWebDriver.findElement(RemoteWebDriver.java:315)
at io.appium.java_client.DefaultGenericMobileDriver.findElement(DefaultGenericMobileDriver.java:57)
at io.appium.java_client.AppiumDriver.findElement(AppiumDriver.java:1)
at tests.BaseClass.nullMobileTest(BaseClass.java:42)
at sun.reflect.NativeMethodAccessorImpl.invoke0(Native Method)
at sun.reflect.NativeMethodAccessorImpl.invoke(NativeMethodAccessorImpl.java:62)
at sun.reflect.DelegatingMethodAccessorImpl.invoke(DelegatingMethodAccessorImpl.java:43)
at java.lang.reflect.Method.invoke(Method.java:498)
at org.testng.internal.MethodInvocationHelper.invokeMethod(MethodInvocationHelper.java:132)
at org.testng.internal.TestInvoker.invokeMethod(TestInvoker.java:599)
at org.testng.internal.TestInvoker.invokeTestMethod(TestInvoker.java:174)
at org.testng.internal.MethodRunner.runInSequence(MethodRunner.java:46)
at org.testng.internal.TestInvoker$MethodInvocationAgent.invoke(TestInvoker.java:822)
at org.testng.internal.TestInvoker.invokeTestMethods(TestInvoker.java:147)
at org.testng.internal.TestMethodWorker.invokeTestMethods(TestMethodWorker.java:146)
at org.testng.internal.TestMethodWorker.run(TestMethodWorker.java:128)
at java.util.ArrayList.forEach(ArrayList.java:1259)
at org.testng.TestRunner.privateRun(TestRunner.java:764)
at org.testng.TestRunner.run(TestRunner.java:585)
at org.testng.SuiteRunner.runTest(SuiteRunner.java:384)
at org.testng.SuiteRunner.runSequentially(SuiteRunner.java:378)
at org.testng.SuiteRunner.privateRun(SuiteRunner.java:337)
at org.testng.SuiteRunner.run(SuiteRunner.java:286)
at org.testng.SuiteRunnerWorker.runSuite(SuiteRunnerWorker.java:53)
at org.testng.SuiteRunnerWorker.run(SuiteRunnerWorker.java:96)
at org.testng.TestNG.runSuitesSequentially(TestNG.java:1218)
at org.testng.TestNG.runSuitesLocally(TestNG.java:1140)
at org.testng.TestNG.runSuites(TestNG.java:1069)
at org.testng.TestNG.run(TestNG.java:1037)
at org.testng.remote.AbstractRemoteTestNG.run(AbstractRemoteTestNG.java:115)
at org.testng.remote.RemoteTestNG.initAndRun(RemoteTestNG.java:251)
at org.testng.remote.RemoteTestNG.main(RemoteTestNG.java:77)
]]>
    </error>
  </testcase> <!-- nullMobileTest -->
  <system-out/>
  <testcase name="invEmailTest" time="8.526" classname="tests.BaseClass">
    <failure type="java.lang.AssertionError" message="Mobile Number is invalid expected [true] but found [false]">
      <![CDATA[java.lang.AssertionError: Mobile Number is invalid expected [true] but found [false]
at org.testng.Assert.fail(Assert.java:99)
at org.testng.Assert.failNotEquals(Assert.java:1037)
at org.testng.Assert.assertTrue(Assert.java:45)
at tests.BaseClass.invEmailTest(BaseClass.java:123)
at sun.reflect.NativeMethodAccessorImpl.invoke0(Native Method)
at sun.reflect.NativeMethodAccessorImpl.invoke(NativeMethodAccessorImpl.java:62)
at sun.reflect.DelegatingMethodAccessorImpl.invoke(DelegatingMethodAccessorImpl.java:43)
at java.lang.reflect.Method.invoke(Method.java:498)
at org.testng.internal.MethodInvocationHelper.invokeMethod(MethodInvocationHelper.java:132)
at org.testng.internal.TestInvoker.invokeMethod(TestInvoker.java:599)
at org.testng.internal.TestInvoker.invokeTestMethod(TestInvoker.java:174)
at org.testng.internal.MethodRunner.runInSequence(MethodRunner.java:46)
at org.testng.internal.TestInvoker$MethodInvocationAgent.invoke(TestInvoker.java:822)
at org.testng.internal.TestInvoker.invokeTestMethods(TestInvoker.java:147)
at org.testng.internal.TestMethodWorker.invokeTestMethods(TestMethodWorker.java:146)
at org.testng.internal.TestMethodWorker.run(TestMethodWorker.java:128)
at java.util.ArrayList.forEach(ArrayList.java:1259)
at org.testng.TestRunner.privateRun(TestRunner.java:764)
at org.testng.TestRunner.run(TestRunner.java:585)
at org.testng.SuiteRunner.runTest(SuiteRunner.java:384)
at org.testng.SuiteRunner.runSequentially(SuiteRunner.java:378)
at org.testng.SuiteRunner.privateRun(SuiteRunner.java:337)
at org.testng.SuiteRunner.run(SuiteRunner.java:286)
at org.testng.SuiteRunnerWorker.runSuite(SuiteRunnerWorker.java:53)
at org.testng.SuiteRunnerWorker.run(SuiteRunnerWorker.java:96)
at org.testng.TestNG.runSuitesSequentially(TestNG.java:1218)
at org.testng.TestNG.runSuitesLocally(TestNG.java:1140)
at org.testng.TestNG.runSuites(TestNG.java:1069)
at org.testng.TestNG.run(TestNG.java:1037)
at org.testng.remote.AbstractRemoteTestNG.run(AbstractRemoteTestNG.java:115)
at org.testng.remote.RemoteTestNG.initAndRun(RemoteTestNG.java:251)
at org.testng.remote.RemoteTestNG.main(RemoteTestNG.java:77)
]]>
    </failure>
  </testcase> <!-- invEmailTest -->
  <system-out/>
</testsuite> <!-- tests.BaseClass -->
